<?xml version="1.0" encoding="UTF-8"?>
<testsuite name="com.unijorge.ods16.AppApplicationTests" tests="1" skipped="0" failures="0" errors="0" timestamp="2024-05-27T22:23:31" hostname="MacBook-Air-de-Danilo.local" time="0.494">
  <properties/>
  <testcase name="contextLoads()" classname="com.unijorge.ods16.AppApplicationTests" time="0.494"/>
  <system-out><![CDATA[19:23:16.150 [Test worker] INFO org.springframework.test.context.support.AnnotationConfigContextLoaderUtils -- Could not detect default configuration classes for test class [com.unijorge.ods16.AppApplicationTests]: AppApplicationTests does not declare any static, non-private, non-final, nested classes annotated with @Configuration.
19:23:16.266 [Test worker] INFO org.springframework.boot.test.context.SpringBootTestContextBootstrapper -- Found @SpringBootConfiguration com.unijorge.ods16.Ods16Application for test class com.unijorge.ods16.AppApplicationTests

  .   ____          _            __ _ _
 /\\ / ___'_ __ _ _(_)_ __  __ _ \ \ \ \
( ( )\___ | '_ | '_| | '_ \/ _` | \ \ \ \
 \\/  ___)| |_)| | | | | || (_| |  ) ) ) )
  '  |____| .__|_| |_|_| |_\__, | / / / /
 =========|_|==============|___/=/_/_/_/
 :: Spring Boot ::                (v3.1.3)

2024-05-27T19:23:17.183-03:00  INFO 42950 --- [    Test worker] com.unijorge.ods16.AppApplicationTests   : Starting AppApplicationTests using Java 19.0.2 with PID 42950 (started by danilobarreto in /Users/danilobarreto/Desktop/ods16)
2024-05-27T19:23:17.186-03:00  INFO 42950 --- [    Test worker] com.unijorge.ods16.AppApplicationTests   : No active profile set, falling back to 1 default profile: "default"
2024-05-27T19:23:17.266-03:00 DEBUG 42950 --- [    Test worker] o.s.w.c.s.GenericWebApplicationContext   : Refreshing org.springframework.web.context.support.GenericWebApplicationContext@5438fa43
2024-05-27T19:23:18.657-03:00  INFO 42950 --- [    Test worker] .s.d.r.c.RepositoryConfigurationDelegate : Bootstrapping Spring Data JPA repositories in DEFAULT mode.
2024-05-27T19:23:18.724-03:00  INFO 42950 --- [    Test worker] .s.d.r.c.RepositoryConfigurationDelegate : Finished Spring Data repository scanning in 59 ms. Found 3 JPA repository interfaces.
2024-05-27T19:23:19.592-03:00  INFO 42950 --- [    Test worker] o.f.c.internal.license.VersionPrinter    : Flyway Community Edition 9.16.3 by Redgate
2024-05-27T19:23:19.592-03:00  INFO 42950 --- [    Test worker] o.f.c.internal.license.VersionPrinter    : See release notes here: https://rd.gt/416ObMi
2024-05-27T19:23:19.592-03:00  INFO 42950 --- [    Test worker] o.f.c.internal.license.VersionPrinter    : 
2024-05-27T19:23:19.602-03:00  INFO 42950 --- [    Test worker] com.zaxxer.hikari.HikariDataSource       : HikariPool-1 - Starting...
2024-05-27T19:23:20.976-03:00  INFO 42950 --- [    Test worker] com.zaxxer.hikari.pool.HikariPool        : HikariPool-1 - Added connection com.mysql.cj.jdbc.ConnectionImpl@664bd35e
2024-05-27T19:23:20.980-03:00  INFO 42950 --- [    Test worker] com.zaxxer.hikari.HikariDataSource       : HikariPool-1 - Start completed.
2024-05-27T19:23:21.136-03:00  INFO 42950 --- [    Test worker] o.f.c.i.database.base.BaseDatabaseType   : Database: jdbc:mysql://149.100.154.172:3306/ods16 (MySQL 8.0)
2024-05-27T19:23:23.188-03:00  INFO 42950 --- [    Test worker] o.f.core.internal.command.DbValidate     : Successfully validated 0 migrations (execution time 00:00.794s)
2024-05-27T19:23:23.189-03:00  WARN 42950 --- [    Test worker] o.f.core.internal.command.DbValidate     : No migrations found. Are your locations set up correctly?
2024-05-27T19:23:24.767-03:00  INFO 42950 --- [    Test worker] o.f.core.internal.command.DbMigrate      : Current version of schema `ods16`: << Empty Schema >>
2024-05-27T19:23:24.882-03:00  INFO 42950 --- [    Test worker] o.f.core.internal.command.DbMigrate      : Schema `ods16` is up to date. No migration necessary.
2024-05-27T19:23:26.110-03:00  INFO 42950 --- [    Test worker] o.s.o.j.p.SpringPersistenceUnitInfo      : No LoadTimeWeaver setup: ignoring JPA class transformer
2024-05-27T19:23:30.051-03:00  INFO 42950 --- [    Test worker] j.LocalContainerEntityManagerFactoryBean : Initialized JPA EntityManagerFactory for persistence unit 'default'
2024-05-27T19:23:30.522-03:00 DEBUG 42950 --- [    Test worker] .PrePostAnnotationSecurityMetadataSource : @org.springframework.security.access.prepost.PreAuthorize("hasRole(\'ADMIN\')") found on specific method: public com.unijorge.ods16.model.Funcionario com.unijorge.ods16.controller.FuncionarioController.update(com.unijorge.ods16.model.Funcionario)
2024-05-27T19:23:30.524-03:00 DEBUG 42950 --- [    Test worker] m.DelegatingMethodSecurityMetadataSource : Caching method [CacheKey[com.unijorge.ods16.controller.FuncionarioController; public com.unijorge.ods16.model.Funcionario com.unijorge.ods16.controller.FuncionarioController.update(com.unijorge.ods16.model.Funcionario)]] with attributes [[authorize: 'hasRole('ADMIN')', filter: 'null', filterTarget: 'null']]
2024-05-27T19:23:30.532-03:00 DEBUG 42950 --- [    Test worker] .PrePostAnnotationSecurityMetadataSource : @org.springframework.security.access.prepost.PreAuthorize("hasRole(\'ADMIN\')") found on specific method: public void com.unijorge.ods16.controller.FuncionarioController.deletarFuncionario(java.lang.Long)
2024-05-27T19:23:30.533-03:00 DEBUG 42950 --- [    Test worker] m.DelegatingMethodSecurityMetadataSource : Caching method [CacheKey[com.unijorge.ods16.controller.FuncionarioController; public void com.unijorge.ods16.controller.FuncionarioController.deletarFuncionario(java.lang.Long)]] with attributes [[authorize: 'hasRole('ADMIN')', filter: 'null', filterTarget: 'null']]
2024-05-27T19:23:30.533-03:00 DEBUG 42950 --- [    Test worker] .PrePostAnnotationSecurityMetadataSource : @org.springframework.security.access.prepost.PreAuthorize("hasRole(\'ADMIN\')") found on specific method: public java.lang.String com.unijorge.ods16.controller.FuncionarioController.cadastrarFuncionario(com.unijorge.ods16.model.records.NewEmployee)
2024-05-27T19:23:30.533-03:00 DEBUG 42950 --- [    Test worker] m.DelegatingMethodSecurityMetadataSource : Caching method [CacheKey[com.unijorge.ods16.controller.FuncionarioController; public java.lang.String com.unijorge.ods16.controller.FuncionarioController.cadastrarFuncionario(com.unijorge.ods16.model.records.NewEmployee)]] with attributes [[authorize: 'hasRole('ADMIN')', filter: 'null', filterTarget: 'null']]
2024-05-27T19:23:30.533-03:00 DEBUG 42950 --- [    Test worker] .PrePostAnnotationSecurityMetadataSource : @org.springframework.security.access.prepost.PreAuthorize("hasRole(\'ADMIN\')") found on specific method: public java.util.List com.unijorge.ods16.controller.FuncionarioController.listarFuncionarios()
2024-05-27T19:23:30.533-03:00 DEBUG 42950 --- [    Test worker] m.DelegatingMethodSecurityMetadataSource : Caching method [CacheKey[com.unijorge.ods16.controller.FuncionarioController; public java.util.List com.unijorge.ods16.controller.FuncionarioController.listarFuncionarios()]] with attributes [[authorize: 'hasRole('ADMIN')', filter: 'null', filterTarget: 'null']]
2024-05-27T19:23:30.533-03:00 DEBUG 42950 --- [    Test worker] .PrePostAnnotationSecurityMetadataSource : @org.springframework.security.access.prepost.PreAuthorize("hasRole(\'ADMIN\')") found on specific method: public java.util.List com.unijorge.ods16.controller.FuncionarioController.getCar()
2024-05-27T19:23:30.534-03:00 DEBUG 42950 --- [    Test worker] m.DelegatingMethodSecurityMetadataSource : Caching method [CacheKey[com.unijorge.ods16.controller.FuncionarioController; public java.util.List com.unijorge.ods16.controller.FuncionarioController.getCar()]] with attributes [[authorize: 'hasRole('ADMIN')', filter: 'null', filterTarget: 'null']]
2024-05-27T19:23:30.645-03:00  WARN 42950 --- [    Test worker] JpaBaseConfiguration$JpaWebConfiguration : spring.jpa.open-in-view is enabled by default. Therefore, database queries may be performed during view rendering. Explicitly configure spring.jpa.open-in-view to disable this warning
2024-05-27T19:23:30.873-03:00 DEBUG 42950 --- [    Test worker] s.w.s.m.m.a.RequestMappingHandlerMapping : 15 mappings in 'requestMappingHandlerMapping'
2024-05-27T19:23:30.978-03:00 DEBUG 42950 --- [    Test worker] o.s.w.s.handler.SimpleUrlHandlerMapping  : Patterns [/webjars/**, /**, /swagger-ui*/*swagger-initializer.js, /swagger-ui*/**] in 'resourceHandlerMapping'
2024-05-27T19:23:31.068-03:00  INFO 42950 --- [    Test worker] o.s.b.a.e.web.EndpointLinksResolver      : Exposing 1 endpoint(s) beneath base path '/actuator'
2024-05-27T19:23:31.091-03:00  INFO 42950 --- [    Test worker] o.s.s.web.DefaultSecurityFilterChain     : Will secure any request with [org.springframework.security.web.session.DisableEncodeUrlFilter@33f341c7, org.springframework.security.web.context.request.async.WebAsyncManagerIntegrationFilter@310d9735, org.springframework.security.web.context.SecurityContextHolderFilter@6f30716f, org.springframework.security.web.header.HeaderWriterFilter@39c0684e, org.springframework.web.filter.CorsFilter@143f0603, org.springframework.security.web.authentication.logout.LogoutFilter@7c4038be, com.unijorge.ods16.security.JwtAuthenticationFilter@3556d066, org.springframework.security.web.savedrequest.RequestCacheAwareFilter@3ced033, org.springframework.security.web.servletapi.SecurityContextHolderAwareRequestFilter@50b51a5b, org.springframework.security.web.authentication.AnonymousAuthenticationFilter@7b9b0006, org.springframework.security.web.session.SessionManagementFilter@7e4431b4, org.springframework.security.web.access.ExceptionTranslationFilter@35603d9f, org.springframework.security.web.access.intercept.AuthorizationFilter@608de3fb]
2024-05-27T19:23:31.235-03:00 DEBUG 42950 --- [    Test worker] s.w.s.m.m.a.RequestMappingHandlerAdapter : ControllerAdvice beans: 0 @ModelAttribute, 0 @InitBinder, 1 RequestBodyAdvice, 1 ResponseBodyAdvice
2024-05-27T19:23:31.272-03:00 DEBUG 42950 --- [    Test worker] .m.m.a.ExceptionHandlerExceptionResolver : ControllerAdvice beans: 1 @ExceptionHandler, 1 ResponseBodyAdvice
2024-05-27T19:23:31.509-03:00  INFO 42950 --- [    Test worker] com.unijorge.ods16.AppApplicationTests   : Started AppApplicationTests in 15.097 seconds (process running for 16.375)
]]></system-out>
  <system-err><![CDATA[]]></system-err>
</testsuite>
